<?xml version="1.0" encoding="UTF-8"?>
<!-- Generated by org.testng.reporters.JUnitXMLReporter -->
<testsuite ignored="0" hostname="santhosh" failures="0" tests="2" name="Default test" time="36.606" errors="0" timestamp="2024-05-03T22:33:52 IST">
  <testcase classname="task1_mock_demowebshop.IntegrationTest" name="ConnectionTest_025" time="10.242"/>
  <testcase classname="task1_mock_demowebshop.IntegrationTest" name="SubscribeforNewsLetterTest" time="0.537"/>
</testsuite> <!-- Default test -->
